[09/22/15 14:17:15] D2BS 5048: D2BS Engine startup complete. 1.5.1854
[09/22/15 14:17:24] D2BS 5048: [Error] Code(1) File(c:\users\katuro\documents\visual studio 2013\projects\diablo 2 next generation\diablo 2 next generation\bin\x86\debug\d2bs\.\js\d2ng.dbj:122) ReferenceError: sendMsg is not defined
Line: (null)
[09/22/15 14:18:13] D2BS 5048: [Error] Code(1) File(c:\users\katuro\documents\visual studio 2013\projects\diablo 2 next generation\diablo 2 next generation\bin\x86\debug\d2bs\.\js\d2ng.dbj:122) ReferenceError: sendMsg is not defined
Line: (null)
[09/22/15 14:21:31] D2BS 5048: [Error] Code(107) File(c:\users\katuro\documents\visual studio 2013\projects\diablo 2 next generation\diablo 2 next generation\bin\x86\debug\d2bs\.\js\libs\config\_customconfig.js:7) SyntaxError: missing } after property list
Line:  "Necromancer", "Paladin", "Barbarian", "Druid", "Assassin"];

[09/22/15 14:21:31] D2BS 5048: [Error] Code(1) File(c:\users\katuro\documents\visual studio 2013\projects\diablo 2 next generation\diablo 2 next generation\bin\x86\debug\d2bs\.\js\libs\common\config.js:22) ReferenceError: CustomConfig is not defined
Line: (null)
[09/22/15 14:22:13] D2BS 5048: [Error] Code(107) File(c:\users\katuro\documents\visual studio 2013\projects\diablo 2 next generation\diablo 2 next generation\bin\x86\debug\d2bs\.\js\libs\config\_customconfig.js:7) SyntaxError: missing } after property list
Line:  "Necromancer", "Paladin", "Barbarian", "Druid", "Assassin"];

[09/22/15 14:22:13] D2BS 5048: [Error] Code(1) File(c:\users\katuro\documents\visual studio 2013\projects\diablo 2 next generation\diablo 2 next generation\bin\x86\debug\d2bs\.\js\libs\common\config.js:22) ReferenceError: CustomConfig is not defined
Line: (null)
[09/22/15 14:25:21] D2BS 5048: [Error] Code(0) File(c:\users\katuro\documents\visual studio 2013\projects\diablo 2 next generation\diablo 2 next generation\bin\x86\debug\d2bs\.\js\libs\common\config.js:77) Error: ÿc1Default config not found. 
ÿc9     Try reading the kolbot wiki.
Line: (null)
[09/22/15 14:28:04] D2BS 5048: [Error] Code(0) File(c:\users\katuro\documents\visual studio 2013\projects\diablo 2 next generation\diablo 2 next generation\bin\x86\debug\d2bs\.\js\libs\common\config.js:95) Error: Config.init: Error in character config.
Line: (null)
[09/22/15 14:29:52] D2BS 5048: [Strict Warning] Code(162) File(c:\users\katuro\documents\visual studio 2013\projects\diablo 2 next generation\diablo 2 next generation\bin\x86\debug\d2bs\.\js\libs\common\attack.js:19) reference to undefined property Config.AttackSkill[1]
Line: (null)
[09/22/15 14:31:57] D2BS 5048: EXCEPTION!
*** 0xc0000005 at 0x05b9a951 (??0JSAutoStructuredCloneBuffer@@QAE@XZ in Unknown line 0)
D2BS loaded at: 0x05b00000
Registers:
	EIP: 0x05b9a951, ESP: 0x0631ff30
	CS: 0x0023, DS: 0x002b, ES: 0x002b, SS: 0x002b, FS: 0x0053, GS: 0x002b
	EAX: 0x3700986e, EBX: 0x00000000, ECX: 0x0a3ffed8, EDX: 0x0b4a4ba0, ESI: 0x0a3ffed8, EDI: 0x00000003, EBP: 0x0631ff60, FLG: 0x00010206
Stack Trace:
	QueryInterface+0x05b01450
	BaseThreadInitThunk+0x77003398
	RtlInitializeExceptionChain+0x77849f0f
	RtlInitializeExceptionChain+0x77849f0f

End of stack trace.
D2Client.DLL loaded at: 0x6fab0000.
D2Common.DLL loaded at: 0x6fd50000.
D2Gfx.DLL loaded at: 0x6fa80000.
D2Lang.DLL loaded at: 0x00020000.
D2Win.DLL loaded at: 0x6f8e0000.
D2Net.DLL loaded at: 0x00450000.
D2Game.DLL loaded at: 0x02880000.
D2Launch.DLL loaded at: 0x6fa40000.
Fog.DLL loaded at: 0x6ff50000.
BNClient.DLL loaded at: 0x6ff20000.
Storm.DLL loaded at: 0x6fbf0000.
D2Cmp.DLL loaded at: 0x6fe10000.
D2Multi.DLL loaded at: 0x6f9d0000.
[09/22/15 14:32:37] D2BS 3204: D2BS Engine startup complete. 1.5.1854
[09/22/15 14:32:40] D2BS 3204: [Error] Code(1) File(c:\users\katuro\documents\visual studio 2013\projects\diablo 2 next generation\diablo 2 next generation\bin\x86\debug\d2bs\.\js\d2ng.dbj:122) ReferenceError: sendMsg is not defined
Line: (null)
[09/22/15 14:49:12] D2BS 7212: D2BS Engine startup complete. 1.5.1854
[09/22/15 14:50:01] D2BS 7212: [Strict Warning] Code(162) File(c:\users\katuro\documents\visual studio 2013\projects\diablo 2 next generation\diablo 2 next generation\bin\x86\debug\d2bs\.\js\libs\common\town.js:1759) reference to undefined property Config.BeltColumn[(item.x % 4)]
Line: (null)
[09/22/15 14:56:55] D2BS 6224: D2BS Engine startup complete. 1.5.1854
[09/22/15 15:00:27] D2BS 6752: D2BS Engine startup complete. 1.5.1854
[09/22/15 15:02:35] D2BS 7460: D2BS Engine startup complete. 1.5.1854
[09/22/15 15:03:45] D2BS 5980: D2BS Engine startup complete. 1.5.1854
[09/22/15 15:13:26] D2BS 4016: D2BS Engine startup complete. 1.5.1854
[09/22/15 15:15:29] D2BS 4564: D2BS Engine startup complete. 1.5.1854
[09/22/15 15:17:04] D2BS 7136: D2BS Engine startup complete. 1.5.1854
[09/22/15 15:20:45] D2BS 5568: D2BS Engine startup complete. 1.5.1854
[09/22/15 15:22:45] D2BS 4016: D2BS Engine startup complete. 1.5.1854
[09/22/15 15:23:46] D2BS 4740: D2BS Engine startup complete. 1.5.1854
[09/22/15 15:24:29] D2BS 8140: D2BS Engine startup complete. 1.5.1854
[09/22/15 15:25:04] D2BS 6244: D2BS Engine startup complete. 1.5.1854
[09/22/15 15:26:47] D2BS 7468: D2BS Engine startup complete. 1.5.1854
[09/22/15 15:39:52] D2BS 6880: D2BS Engine startup complete. 1.5.1854
[09/22/15 15:54:04] D2BS 4016: D2BS Engine startup complete. 1.5.1854
[09/22/15 15:54:44] D2BS 4612: D2BS Engine startup complete. 1.5.1854
[09/22/15 15:57:43] D2BS 5752: D2BS Engine startup complete. 1.5.1854
[09/22/15 16:00:00] D2BS 6176: D2BS Engine startup complete. 1.5.1854
[09/22/15 16:00:53] D2BS 928: D2BS Engine startup complete. 1.5.1854
[09/22/15 16:03:34] D2BS 2464: D2BS Engine startup complete. 1.5.1854
[09/22/15 16:04:34] D2BS 6400: D2BS Engine startup complete. 1.5.1854
[09/22/15 16:05:19] D2BS 5568: D2BS Engine startup complete. 1.5.1854
[09/22/15 16:06:11] D2BS 6568: D2BS Engine startup complete. 1.5.1854
[09/22/15 16:16:13] D2BS 6832: D2BS Engine startup complete. 1.5.1854
[09/22/15 16:18:12] D2BS 4260: D2BS Engine startup complete. 1.5.1854
[09/22/15 16:21:57] D2BS 6900: D2BS Engine startup complete. 1.5.1854
[09/22/15 16:24:14] D2BS 4944: D2BS Engine startup complete. 1.5.1854
[09/22/15 16:26:24] D2BS 6396: D2BS Engine startup complete. 1.5.1854
[09/22/15 16:26:28] D2BS 4944: D2BS Shutdown complete.
[09/22/15 16:47:45] D2BS 3204: D2BS Engine startup complete. 1.5.1854
[09/22/15 16:49:19] D2BS 3204: D2BS Shutdown complete.
[09/22/15 16:49:40] D2BS 4936: D2BS Engine startup complete. 1.5.1854
[09/22/15 16:50:22] D2BS 4936: D2BS Shutdown complete.
[09/22/15 16:50:53] D2BS 6924: D2BS Engine startup complete. 1.5.1854
[09/22/15 16:59:11] D2BS 5704: D2BS Engine startup complete. 1.5.1854
[09/22/15 16:59:12] D2BS 6924: D2BS Shutdown complete.
[09/22/15 17:01:13] D2BS 6696: D2BS Engine startup complete. 1.5.1854
[09/22/15 17:01:14] D2BS 5704: D2BS Shutdown complete.
[09/22/15 17:07:57] D2BS 6696: D2BS Shutdown complete.
[09/23/15 07:31:54] D2BS 3004: D2BS Engine startup complete. 1.5.1854
[09/23/15 07:39:55] D2BS 7436: D2BS Engine startup complete. 1.5.1854
[09/23/15 07:45:47] D2BS 2376: D2BS Engine startup complete. 1.5.1854
[09/23/15 07:45:58] D2BS 2376: D2BS Shutdown complete.
[09/23/15 07:46:00] D2BS 4304: D2BS Engine startup complete. 1.5.1854
[09/23/15 08:06:08] D2BS 2528: D2BS Engine startup complete. 1.5.1854
[09/23/15 08:15:13] D2BS 4428: D2BS Engine startup complete. 1.5.1854
[09/23/15 08:20:56] D2BS 7392: D2BS Engine startup complete. 1.5.1854
[09/23/15 08:21:10] D2BS 7392: D2BS Shutdown complete.
[09/23/15 08:21:13] D2BS 2632: D2BS Engine startup complete. 1.5.1854
[09/23/15 09:10:38] D2BS 6780: D2BS Engine startup complete. 1.5.1854
[09/23/15 09:11:47] D2BS 6780: D2BS Shutdown complete.
[09/23/15 09:11:59] D2BS 1708: D2BS Engine startup complete. 1.5.1854
[09/23/15 09:13:12] D2BS 8036: D2BS Engine startup complete. 1.5.1854
[09/23/15 09:15:31] D2BS 7764: D2BS Engine startup complete. 1.5.1854
[09/23/15 09:17:04] D2BS 8432: D2BS Engine startup complete. 1.5.1854
[09/23/15 10:02:56] D2BS 8320: D2BS Engine startup complete. 1.5.1854
[09/23/15 10:04:37] D2BS 6032: D2BS Engine startup complete. 1.5.1854
[09/23/15 10:06:11] D2BS 6900: D2BS Engine startup complete. 1.5.1854
[09/23/15 10:10:54] D2BS 6900: D2BS Shutdown complete.
[09/23/15 10:41:28] D2BS 8672: D2BS Engine startup complete. 1.5.1854
[09/23/15 10:42:19] D2BS 8672: D2BS Shutdown complete.
[09/30/15 18:47:55] D2BS 6912: D2BS Engine startup complete. 1.5.1854
[09/30/15 18:49:23] D2BS 6912: D2BS Shutdown complete.
[09/30/15 18:50:05] D2BS 8744: D2BS Engine startup complete. 1.5.1854
[09/30/15 18:50:46] D2BS 8744: D2BS Shutdown complete.
[09/30/15 18:56:41] D2BS 9632: D2BS Engine startup complete. 1.5.1854
[09/30/15 18:57:17] D2BS 6400: D2BS Engine startup complete. 1.5.1854
[10/07/15 02:38:54] D2BS 23860: D2BS Engine startup complete. 1.5.1854
[10/07/15 03:28:08] D2BS 27608: D2BS Engine startup complete. 1.5.1854
[10/07/15 03:31:19] D2BS 26396: D2BS Engine startup complete. 1.5.1854
[10/07/15 03:34:29] D2BS 26396: D2BS Shutdown complete.
[10/07/15 03:34:52] D2BS 4700: D2BS Engine startup complete. 1.5.1854
[10/07/15 03:46:58] D2BS 26240: D2BS Engine startup complete. 1.5.1854
[10/07/15 03:48:21] D2BS 25152: D2BS Engine startup complete. 1.5.1854
[10/07/15 03:51:55] D2BS 24052: D2BS Engine startup complete. 1.5.1854
[10/07/15 03:54:35] D2BS 24052: D2BS Shutdown complete.
[10/07/15 03:56:19] D2BS 24880: D2BS Engine startup complete. 1.5.1854
[10/07/15 21:26:01] D2BS 31148: D2BS Engine startup complete. 1.5.1854
[10/08/15 01:33:43] D2BS 33196: D2BS Engine startup complete. 1.5.1854
[10/08/15 01:42:22] D2BS 31568: D2BS Engine startup complete. 1.5.1854
[10/08/15 01:43:43] D2BS 31568: D2BS Shutdown complete.
[10/08/15 01:43:57] D2BS 33680: D2BS Engine startup complete. 1.5.1854
[10/08/15 01:46:16] D2BS 33680: D2BS Shutdown complete.
[10/08/15 01:46:31] D2BS 34380: D2BS Engine startup complete. 1.5.1854
[10/08/15 01:49:40] D2BS 33208: D2BS Engine startup complete. 1.5.1854
[10/08/15 01:51:55] D2BS 33208: D2BS Shutdown complete.
[10/08/15 01:52:37] D2BS 33284: D2BS Engine startup complete. 1.5.1854
[10/08/15 01:56:37] D2BS 33284: D2BS Shutdown complete.
[10/08/15 01:57:21] D2BS 33972: D2BS Engine startup complete. 1.5.1854
[10/08/15 01:57:23] D2BS 33972: D2BS Shutdown complete.
[10/08/15 01:59:37] D2BS 33276: D2BS Engine startup complete. 1.5.1854
[10/08/15 02:00:37] D2BS 33276: D2BS Shutdown complete.
[10/08/15 02:01:12] D2BS 33188: D2BS Engine startup complete. 1.5.1854
[10/08/15 02:01:20] D2BS 33188: D2BS Shutdown complete.
[10/08/15 02:04:14] D2BS 33188: D2BS Engine startup complete. 1.5.1854
[10/08/15 02:05:43] D2BS 33976: D2BS Engine startup complete. 1.5.1854
[10/08/15 02:05:46] D2BS 33188: D2BS Shutdown complete.
[10/08/15 02:09:35] D2BS 31524: D2BS Engine startup complete. 1.5.1854
[10/08/15 02:10:53] D2BS 32944: D2BS Engine startup complete. 1.5.1854
[10/08/15 02:12:06] D2BS 33900: D2BS Engine startup complete. 1.5.1854
[10/08/15 02:29:54] D2BS 34368: D2BS Engine startup complete. 1.5.1854
[10/08/15 02:32:41] D2BS 34368: EXCEPTION!
*** 0xc0000005 at 0x05eaac95 (??0JSAutoStructuredCloneBuffer@@QAE@XZ in Unknown line 0)
D2BS loaded at: 0x05e10000
Registers:
	EIP: 0x05eaac95, ESP: 0x097ff6f8
	CS: 0x0023, DS: 0x002b, ES: 0x002b, SS: 0x002b, FS: 0x0053, GS: 0x002b
	EAX: 0x00000088, EBX: 0x00000000, ECX: 0x0630b240, EDX: 0x060f1b10, ESI: 0x097ff754, EDI: 0x06510800, EBP: 0x097ff734, FLG: 0x00010206
Stack Trace:
	??0JSAutoStructuredCloneBuffer@@QAE@XZ+0x05e17360
	?JS_WriteTypedArray@@YAHPAUJSStructuredCloneWriter@@VValue@JS@@@Z+0x05f76e80
	?JS_WriteTypedArray@@YAHPAUJSStructuredCloneWriter@@VValue@JS@@@Z+0x05f76e80
	??0JSAutoStructuredCloneBuffer@@QAE@XZ+0x05e17360
	BaseThreadInitThunk+0x758d3398
	RtlInitializeExceptionChain+0x77869f0f
	RtlInitializeExceptionChain+0x77869f0f

End of stack trace.
D2Client.DLL loaded at: 0x6fab0000.
D2Common.DLL loaded at: 0x6fd50000.
D2Gfx.DLL loaded at: 0x6fa80000.
D2Lang.DLL loaded at: 0x00020000.
D2Win.DLL loaded at: 0x6f8e0000.
D2Net.DLL loaded at: 0x009d0000.
D2Game.DLL loaded at: 0x03020000.
D2Launch.DLL loaded at: 0x6fa40000.
Fog.DLL loaded at: 0x6ff50000.
BNClient.DLL loaded at: 0x6ff20000.
Storm.DLL loaded at: 0x6fbf0000.
D2Cmp.DLL loaded at: 0x6fe10000.
D2Multi.DLL loaded at: 0x6f9d0000.
[10/08/15 02:33:48] D2BS 34808: D2BS Engine startup complete. 1.5.1854
[10/08/15 02:35:51] D2BS 32084: D2BS Engine startup complete. 1.5.1854
[10/08/15 02:38:37] D2BS 32084: EXCEPTION!
*** 0xc0000005 at 0x05e2ac95 (??0JSAutoStructuredCloneBuffer@@QAE@XZ in Unknown line 0)
D2BS loaded at: 0x05d90000
Registers:
	EIP: 0x05e2ac95, ESP: 0x05d8f6f8
	CS: 0x0023, DS: 0x002b, ES: 0x002b, SS: 0x002b, FS: 0x0053, GS: 0x002b
	EAX: 0x00000000, EBX: 0x00000000, ECX: 0x06282518, EDX: 0x06071b10, ESI: 0x05d8f754, EDI: 0xffffffff, EBP: 0x05d8f734, FLG: 0x00010282
Stack Trace:
	??0JSAutoStructuredCloneBuffer@@QAE@XZ+0x05d97360
	?JS_WriteTypedArray@@YAHPAUJSStructuredCloneWriter@@VValue@JS@@@Z+0x05ef6e80
	?JS_WriteTypedArray@@YAHPAUJSStructuredCloneWriter@@VValue@JS@@@Z+0x05ef6e80
	??0JSAutoStructuredCloneBuffer@@QAE@XZ+0x05d97360
	BaseThreadInitThunk+0x758d3398
	RtlInitializeExceptionChain+0x77869f0f
	RtlInitializeExceptionChain+0x77869f0f

End of stack trace.
D2Client.DLL loaded at: 0x6fab0000.
D2Common.DLL loaded at: 0x6fd50000.
D2Gfx.DLL loaded at: 0x6fa80000.
D2Lang.DLL loaded at: 0x00020000.
D2Win.DLL loaded at: 0x6f8e0000.
D2Net.DLL loaded at: 0x004c0000.
D2Game.DLL loaded at: 0x02c40000.
D2Launch.DLL loaded at: 0x6fa40000.
Fog.DLL loaded at: 0x6ff50000.
BNClient.DLL loaded at: 0x6ff20000.
Storm.DLL loaded at: 0x6fbf0000.
D2Cmp.DLL loaded at: 0x6fe10000.
D2Multi.DLL loaded at: 0x6f9d0000.
[10/08/15 02:39:07] D2BS 34876: D2BS Engine startup complete. 1.5.1854
[10/08/15 02:40:46] D2BS 33340: D2BS Engine startup complete. 1.5.1854
[10/08/15 02:47:52] D2BS 28652: D2BS Engine startup complete. 1.5.1854
[10/08/15 02:49:32] D2BS 28652: D2BS Shutdown complete.
[10/08/15 02:50:03] D2BS 34848: D2BS Engine startup complete. 1.5.1854
[10/08/15 02:52:21] D2BS 32828: D2BS Engine startup complete. 1.5.1854
[10/08/15 02:59:48] D2BS 33088: D2BS Engine startup complete. 1.5.1854
[10/08/15 03:01:31] D2BS 29512: D2BS Engine startup complete. 1.5.1854
[10/08/15 03:07:48] D2BS 34896: D2BS Engine startup complete. 1.5.1854
[10/08/15 03:12:58] D2BS 33216: D2BS Engine startup complete. 1.5.1854
[10/08/15 03:14:34] D2BS 35548: D2BS Engine startup complete. 1.5.1854
[10/08/15 03:18:45] D2BS 35056: D2BS Engine startup complete. 1.5.1854
[10/08/15 03:20:34] D2BS 35056: D2BS Shutdown complete.
[10/08/15 03:35:47] D2BS 33236: D2BS Engine startup complete. 1.5.1854
[10/08/15 03:36:29] D2BS 33236: D2BS Shutdown complete.
[10/08/15 03:40:09] D2BS 35468: D2BS Engine startup complete. 1.5.1854
[10/08/15 03:42:38] D2BS 35468: D2BS Shutdown complete.
[10/08/15 03:45:45] D2BS 36620: D2BS Engine startup complete. 1.5.1854
[10/08/15 03:47:37] D2BS 35920: D2BS Engine startup complete. 1.5.1854
[10/08/15 03:50:02] D2BS 36728: D2BS Engine startup complete. 1.5.1854
[10/08/15 03:56:51] D2BS 35228: D2BS Engine startup complete. 1.5.1854
[10/08/15 04:31:52] D2BS 31768: D2BS Engine startup complete. 1.5.1854
[10/08/15 05:16:23] D2BS 36808: D2BS Engine startup complete. 1.5.1854
[10/08/15 05:21:26] D2BS 36808: D2BS Shutdown complete.
[10/08/15 05:21:35] D2BS 26576: D2BS Engine startup complete. 1.5.1854
[10/08/15 05:41:16] D2BS 26576: D2BS Shutdown complete.
[10/08/15 05:41:28] D2BS 35220: D2BS Engine startup complete. 1.5.1854
[10/08/15 05:42:17] D2BS 35220: D2BS Shutdown complete.
[10/08/15 06:32:31] D2BS 34204: D2BS Engine startup complete. 1.5.1854
[10/08/15 06:33:05] D2BS 34204: D2BS Shutdown complete.
[10/08/15 06:33:14] D2BS 37428: D2BS Engine startup complete. 1.5.1854
[10/08/15 06:33:40] D2BS 37428: D2BS Shutdown complete.
[10/08/15 06:33:57] D2BS 35116: D2BS Engine startup complete. 1.5.1854
[10/08/15 06:38:08] D2BS 35116: D2BS Shutdown complete.
[10/08/15 06:39:30] D2BS 37564: D2BS Engine startup complete. 1.5.1854
[10/08/15 06:40:00] D2BS 35288: D2BS Engine startup complete. 1.5.1854
[10/08/15 06:41:58] D2BS 35288: D2BS Shutdown complete.
[10/08/15 06:49:34] D2BS 35276: D2BS Engine startup complete. 1.5.1854
[10/08/15 06:49:45] D2BS 35612: D2BS Engine startup complete. 1.5.1854
[10/08/15 06:50:39] D2BS 37276: D2BS Engine startup complete. 1.5.1854
[10/08/15 06:58:21] D2BS 37276: D2BS Shutdown complete.
[10/08/15 06:58:59] D2BS 36548: D2BS Engine startup complete. 1.5.1854
[10/08/15 07:01:48] D2BS 36548: D2BS Shutdown complete.
[10/08/15 07:01:57] D2BS 37204: D2BS Engine startup complete. 1.5.1854
[10/08/15 07:02:42] D2BS 37204: D2BS Shutdown complete.
[10/08/15 07:29:54] D2BS 27272: D2BS Engine startup complete. 1.5.1854
[10/08/15 07:58:21] D2BS 36448: D2BS Engine startup complete. 1.5.1854
[10/08/15 08:00:21] D2BS 37092: D2BS Engine startup complete. 1.5.1854
[10/08/15 08:02:29] D2BS 37196: D2BS Engine startup complete. 1.5.1854
[10/08/15 08:05:04] D2BS 37424: D2BS Engine startup complete. 1.5.1854
[10/08/15 08:07:03] D2BS 36236: D2BS Engine startup complete. 1.5.1854
[10/08/15 08:08:52] D2BS 38832: D2BS Engine startup complete. 1.5.1854
[10/08/15 08:09:14] D2BS 37424: D2BS Shutdown complete.
[10/08/15 08:09:35] D2BS 37352: D2BS Engine startup complete. 1.5.1854
[10/08/15 08:12:10] D2BS 37352: D2BS Shutdown complete.
[10/08/15 08:13:06] D2BS 26092: D2BS Engine startup complete. 1.5.1854
[10/08/15 08:13:14] D2BS 26092: D2BS Shutdown complete.
[10/08/15 08:15:24] D2BS 38288: D2BS Engine startup complete. 1.5.1854
[10/08/15 08:15:29] D2BS 38288: D2BS Shutdown complete.
[10/08/15 08:16:09] D2BS 37544: D2BS Engine startup complete. 1.5.1854
[10/08/15 08:19:40] D2BS 34964: D2BS Engine startup complete. 1.5.1854
[10/08/15 08:23:49] D2BS 37544: D2BS Shutdown complete.
[10/08/15 08:24:27] D2BS 38368: D2BS Engine startup complete. 1.5.1854
[10/08/15 08:28:01] D2BS 38140: D2BS Engine startup complete. 1.5.1854
[10/08/15 08:28:07] D2BS 38368: D2BS Shutdown complete.
[10/08/15 08:28:10] D2BS 38140: D2BS Shutdown complete.
[10/08/15 08:29:25] D2BS 35640: D2BS Engine startup complete. 1.5.1854
[10/08/15 08:35:23] D2BS 35640: D2BS Shutdown complete.
[10/08/15 08:38:11] D2BS 37596: D2BS Engine startup complete. 1.5.1854
[10/08/15 08:50:55] D2BS 37596: D2BS Shutdown complete.
[10/08/15 08:52:34] D2BS 38404: D2BS Engine startup complete. 1.5.1854
[10/08/15 08:53:03] D2BS 38404: D2BS Shutdown complete.
[10/08/15 08:53:18] D2BS 37272: D2BS Engine startup complete. 1.5.1854
[10/08/15 08:57:13] D2BS 37272: D2BS Shutdown complete.
[10/08/15 09:26:57] D2BS 36124: D2BS Engine startup complete. 1.5.1854
[10/08/15 09:27:02] D2BS 36124: D2BS Shutdown complete.
[10/08/15 09:31:41] D2BS 32444: D2BS Engine startup complete. 1.5.1854
[10/08/15 09:31:52] D2BS 37880: D2BS Engine startup complete. 1.5.1854
[10/08/15 09:33:35] D2BS 37880: D2BS Shutdown complete.
[10/08/15 09:37:10] D2BS 36412: D2BS Engine startup complete. 1.5.1854
[10/08/15 09:43:12] D2BS 36412: D2BS Shutdown complete.
[10/08/15 09:45:18] D2BS 36308: D2BS Engine startup complete. 1.5.1854
[10/08/15 09:46:02] D2BS 39112: D2BS Engine startup complete. 1.5.1854
[10/08/15 10:53:02] D2BS 39112: D2BS Shutdown complete.
[10/08/15 10:53:33] D2BS 35596: D2BS Engine startup complete. 1.5.1854
[10/08/15 10:55:04] D2BS 35596: D2BS Shutdown complete.
[10/08/15 10:55:44] D2BS 32116: D2BS Engine startup complete. 1.5.1854
[10/08/15 10:56:15] D2BS 32116: D2BS Shutdown complete.
[10/08/15 10:57:37] D2BS 28900: D2BS Engine startup complete. 1.5.1854
[10/08/15 11:04:10] D2BS 28900: D2BS Shutdown complete.
[10/08/15 11:10:15] D2BS 37752: D2BS Engine startup complete. 1.5.1854
[10/08/15 11:20:10] D2BS 39532: D2BS Engine startup complete. 1.5.1854
[10/08/15 11:20:23] D2BS 39408: D2BS Engine startup complete. 1.5.1854
[10/08/15 11:21:01] D2BS 39864: D2BS Engine startup complete. 1.5.1854
[10/08/15 11:21:50] D2BS 36380: D2BS Engine startup complete. 1.5.1854
[10/08/15 11:25:22] D2BS 36380: D2BS Shutdown complete.
[10/08/15 11:25:43] D2BS 26000: D2BS Engine startup complete. 1.5.1854
[10/08/15 11:25:43] D2BS 26000: [Strict Warning] Code(112) File(c:\users\katuro\documents\visual studio 2013\projects\diablo 2 next generation\diablo 2 next generation\bin\x86\debug\d2bs\.\js\d2ng.dbj:160) test for equality (==) mistyped as assignment (=)?
Line: 		if (isUp = "yes" && !checkIngameOnce)

[10/08/15 11:31:14] D2BS 26000: D2BS Shutdown complete.
[10/08/15 11:32:32] D2BS 38660: D2BS Engine startup complete. 1.5.1854
[10/08/15 11:33:25] D2BS 38636: D2BS Engine startup complete. 1.5.1854
[10/08/15 11:34:57] D2BS 38636: D2BS Shutdown complete.
[10/08/15 11:35:09] D2BS 38968: D2BS Engine startup complete. 1.5.1854
[10/08/15 12:01:16] D2BS 36264: D2BS Engine startup complete. 1.5.1854
[10/08/15 12:02:45] D2BS 40400: D2BS Engine startup complete. 1.5.1854
[10/08/15 12:03:19] D2BS 38436: D2BS Engine startup complete. 1.5.1854
[10/08/15 12:04:09] D2BS 40092: D2BS Engine startup complete. 1.5.1854
[10/08/15 12:36:30] D2BS 40656: D2BS Engine startup complete. 1.5.1854
[10/08/15 12:47:57] D2BS 40656: D2BS Shutdown complete.
[10/08/15 12:48:46] D2BS 28320: D2BS Engine startup complete. 1.5.1854
[10/08/15 13:20:49] D2BS 28320: D2BS Shutdown complete.
[10/08/15 13:21:06] D2BS 41124: D2BS Engine startup complete. 1.5.1854
[10/08/15 13:21:43] D2BS 41124: D2BS Shutdown complete.
[10/08/15 13:29:23] D2BS 41804: D2BS Engine startup complete. 1.5.1854
[10/08/15 14:44:53] D2BS 41804: D2BS Shutdown complete.
[10/08/15 14:49:41] D2BS 26644: D2BS Engine startup complete. 1.5.1854
[10/08/15 15:17:10] D2BS 39056: D2BS Engine startup complete. 1.5.1854
[10/08/15 15:17:28] D2BS 38232: D2BS Engine startup complete. 1.5.1854
[10/08/15 19:35:45] D2BS 38232: D2BS Shutdown complete.
[10/08/15 20:10:17] D2BS 40396: D2BS Engine startup complete. 1.5.1854
[10/09/15 00:01:47] D2BS 40396: D2BS Shutdown complete.
[10/09/15 15:16:56] D2BS 45308: D2BS Engine startup complete. 1.5.1854
[10/09/15 15:21:03] D2BS 45228: D2BS Engine startup complete. 1.5.1854
[10/09/15 16:10:49] D2BS 45228: D2BS Shutdown complete.
[10/09/15 18:06:52] D2BS 46272: D2BS Engine startup complete. 1.5.1854
[10/09/15 18:12:31] D2BS 47684: D2BS Engine startup complete. 1.5.1854
[10/09/15 18:37:42] D2BS 47684: D2BS Shutdown complete.
[10/09/15 18:37:57] D2BS 47564: D2BS Engine startup complete. 1.5.1854
[10/09/15 20:54:16] D2BS 47564: D2BS Shutdown complete.
[10/09/15 20:55:02] D2BS 47156: D2BS Engine startup complete. 1.5.1854
[10/09/15 21:01:42] D2BS 43156: D2BS Engine startup complete. 1.5.1854
[10/09/15 21:01:50] D2BS 47156: D2BS Shutdown complete.
[10/09/15 21:03:03] D2BS 43156: D2BS Shutdown complete.
[10/09/15 21:03:55] D2BS 47820: D2BS Engine startup complete. 1.5.1854
[10/09/15 21:07:24] D2BS 47820: D2BS Shutdown complete.
[10/09/15 21:08:00] D2BS 46272: D2BS Engine startup complete. 1.5.1854
[10/09/15 21:09:08] D2BS 46084: D2BS Engine startup complete. 1.5.1854
[10/09/15 21:09:35] D2BS 46084: D2BS Shutdown complete.
[10/09/15 21:11:18] D2BS 46272: D2BS Shutdown complete.
[10/09/15 21:17:59] D2BS 40164: D2BS Engine startup complete. 1.5.1854
[10/09/15 21:18:37] D2BS 40164: D2BS Shutdown complete.
[10/09/15 21:19:13] D2BS 48784: D2BS Engine startup complete. 1.5.1854
[10/09/15 21:21:24] D2BS 45124: D2BS Engine startup complete. 1.5.1854
[10/09/15 21:32:35] D2BS 46148: D2BS Engine startup complete. 1.5.1854
[10/09/15 21:48:01] D2BS 48580: D2BS Engine startup complete. 1.5.1854
[10/09/15 21:49:28] D2BS 48580: D2BS Shutdown complete.
[10/09/15 21:49:47] D2BS 42840: D2BS Engine startup complete. 1.5.1854
[10/09/15 21:50:28] D2BS 48824: D2BS Engine startup complete. 1.5.1854
[10/09/15 21:57:19] D2BS 48824: D2BS Shutdown complete.
[10/09/15 21:57:39] D2BS 47656: D2BS Engine startup complete. 1.5.1854
[10/09/15 22:04:47] D2BS 47656: D2BS Shutdown complete.
[10/09/15 22:05:04] D2BS 36344: D2BS Engine startup complete. 1.5.1854
[10/09/15 22:05:14] D2BS 36344: D2BS Shutdown complete.
[10/09/15 22:05:32] D2BS 48416: D2BS Engine startup complete. 1.5.1854
[10/09/15 22:07:21] D2BS 48356: D2BS Engine startup complete. 1.5.1854
[10/09/15 22:10:49] D2BS 48356: D2BS Shutdown complete.
[10/09/15 22:11:03] D2BS 47792: D2BS Engine startup complete. 1.5.1854
[10/09/15 22:12:34] D2BS 47792: D2BS Shutdown complete.
[10/09/15 23:36:58] D2BS 41888: D2BS Engine startup complete. 1.5.1854
[10/09/15 23:37:49] D2BS 41888: D2BS Shutdown complete.
[10/09/15 23:40:50] D2BS 48956: D2BS Engine startup complete. 1.5.1854
[10/09/15 23:41:10] D2BS 48956: D2BS Shutdown complete.
[10/09/15 23:41:11] D2BS 49384: D2BS Engine startup complete. 1.5.1854
[10/09/15 23:42:41] D2BS 49384: D2BS Shutdown complete.
[10/09/15 23:43:07] D2BS 41184: D2BS Engine startup complete. 1.5.1854
[10/09/15 23:47:33] D2BS 41184: [Strict Warning] Code(157) File(c:\users\katuro\documents\visual studio 2013\projects\diablo 2 next generation\diablo 2 next generation\bin\x86\debug\d2bs\.\js\d2ng.dbj:19) anonymous function does not always return a value
Line: (null)
[10/09/15 23:49:59] D2BS 41184: [Error] Code(22) File(c:\users\katuro\documents\visual studio 2013\projects\diablo 2 next generation\diablo 2 next generation\bin\x86\debug\d2bs\.\js\d2ng.dbj:129) TypeError: this.getText is not a function
Line: (null)
[10/09/15 23:54:11] D2BS 41184: [Error] Code(104) File(c:\users\katuro\documents\visual studio 2013\projects\diablo 2 next generation\diablo 2 next generation\bin\x86\debug\d2bs\.\js\d2ng.dbj:137) SyntaxError: missing ) after argument list
Line: 				D2Bot.sendMsg("44;" + JSON.stringify(gameList);

[10/09/15 23:54:11] D2BS 41184: EXCEPTION!
*** 0xe06d7363 at 0x75e9c41f (RaiseException in Unknown line 0)
D2BS loaded at: 0x05e10000
Registers:
	EIP: 0x75e9c41f, ESP: 0x05c0fe84
	CS: 0x0023, DS: 0x002b, ES: 0x002b, SS: 0x002b, FS: 0x0053, GS: 0x002b
	EAX: 0x05c0fe84, EBX: 0x0ca17f28, ECX: 0x00000003, EDX: 0x00000000, ESI: 0x0ca17f28, EDI: 0x0ca17f50, EBP: 0x05c0fed4, FLG: 0x00000216
Stack Trace:
	_CxxThrowException+0x780d86e8
	??0JSAutoStructuredCloneBuffer@@QAE@XZ+0x05e17360
	??0JSAutoStructuredCloneBuffer@@QAE@XZ+0x05e17360
	BaseThreadInitThunk+0x758d3398
	RtlInitializeExceptionChain+0x77869f0f
	RtlInitializeExceptionChain+0x77869f0f

End of stack trace.
D2Client.DLL loaded at: 0x6fab0000.
D2Common.DLL loaded at: 0x6fd50000.
D2Gfx.DLL loaded at: 0x6fa80000.
D2Lang.DLL loaded at: 0x00020000.
D2Win.DLL loaded at: 0x6f8e0000.
D2Net.DLL loaded at: 0x005a0000.
D2Game.DLL loaded at: 0x03290000.
D2Launch.DLL loaded at: 0x6fa40000.
Fog.DLL loaded at: 0x6ff50000.
BNClient.DLL loaded at: 0x6ff20000.
Storm.DLL loaded at: 0x6fbf0000.
D2Cmp.DLL loaded at: 0x6fe10000.
D2Multi.DLL loaded at: 0x6f9d0000.
[10/09/15 23:55:11] D2BS 49440: D2BS Engine startup complete. 1.5.1854
[10/10/15 00:00:14] D2BS 49440: [Error] Code(22) File(c:\users\katuro\documents\visual studio 2013\projects\diablo 2 next generation\diablo 2 next generation\bin\x86\debug\d2bs\.\js\d2ng.dbj:139) TypeError: gameList.push is not a function
Line: (null)
[10/10/15 00:28:51] D2BS 49924: D2BS Engine startup complete. 1.5.1854
[10/10/15 00:30:34] D2BS 45132: D2BS Engine startup complete. 1.5.1854
[10/10/15 00:32:05] D2BS 45132: D2BS Shutdown complete.
[10/10/15 00:32:40] D2BS 46972: D2BS Engine startup complete. 1.5.1854
[10/10/15 00:38:15] D2BS 46972: D2BS Shutdown complete.
[10/10/15 00:38:17] D2BS 41168: D2BS Engine startup complete. 1.5.1854
[10/10/15 00:42:03] D2BS 41168: D2BS Shutdown complete.
[10/10/15 00:45:06] D2BS 49804: D2BS Engine startup complete. 1.5.1854
[10/10/15 00:46:38] D2BS 49804: D2BS Shutdown complete.
[10/10/15 00:47:02] D2BS 49656: D2BS Engine startup complete. 1.5.1854
[10/10/15 00:52:49] D2BS 49656: D2BS Shutdown complete.
[10/10/15 00:54:56] D2BS 49768: D2BS Engine startup complete. 1.5.1854
[10/10/15 01:05:17] D2BS 47304: D2BS Engine startup complete. 1.5.1854
[10/10/15 01:07:35] D2BS 47304: D2BS Shutdown complete.
[10/10/15 01:08:00] D2BS 50024: D2BS Engine startup complete. 1.5.1854
[10/10/15 01:08:49] D2BS 50024: D2BS Shutdown complete.
[10/10/15 01:10:09] D2BS 49000: D2BS Engine startup complete. 1.5.1854
[10/10/15 01:10:23] D2BS 49000: D2BS Shutdown complete.
[10/10/15 01:14:11] D2BS 49172: D2BS Engine startup complete. 1.5.1854
[10/10/15 01:17:32] D2BS 49172: D2BS Shutdown complete.
[10/10/15 01:20:11] D2BS 48352: D2BS Engine startup complete. 1.5.1854
[10/10/15 01:20:44] D2BS 49824: D2BS Engine startup complete. 1.5.1854
[10/10/15 03:35:54] D2BS 51468: D2BS Engine startup complete. 1.5.1854
[10/10/15 03:36:37] D2BS 51468: D2BS Shutdown complete.
[10/10/15 03:38:06] D2BS 50276: D2BS Engine startup complete. 1.5.1854
[10/10/15 03:40:44] D2BS 50784: D2BS Engine startup complete. 1.5.1854
[10/10/15 03:41:12] D2BS 50480: D2BS Engine startup complete. 1.5.1854
[10/10/15 03:43:46] D2BS 51316: D2BS Engine startup complete. 1.5.1854
[10/10/15 03:43:50] D2BS 51316: D2BS Shutdown complete.
[10/10/15 03:44:09] D2BS 52204: D2BS Engine startup complete. 1.5.1854
[10/10/15 04:02:36] D2BS 46452: D2BS Engine startup complete. 1.5.1854
[10/10/15 11:10:10] D2BS 1052: D2BS Engine startup complete. 1.5.1854
[10/10/15 11:10:33] D2BS 4068: D2BS Engine startup complete. 1.5.1854
[10/10/15 11:10:56] D2BS 8472: D2BS Engine startup complete. 1.5.1854
[10/15/15 10:37:32] D2BS 10284: D2BS Engine startup complete. 1.5.1854
[10/15/15 11:20:24] D2BS 7916: D2BS Engine startup complete. 1.5.1854
[10/15/15 11:26:53] D2BS 2792: D2BS Engine startup complete. 1.5.1854
[10/15/15 11:37:35] D2BS 4992: D2BS Engine startup complete. 1.5.1854
[10/15/15 11:38:14] D2BS 5268: D2BS Engine startup complete. 1.5.1854
[10/15/15 11:50:08] D2BS 4848: D2BS Engine startup complete. 1.5.1854
[10/15/15 11:50:43] D2BS 4848: [Strict Warning] Code(157) File(c:\users\katuro\documents\visual studio 2013\projects\diablo 2 next generation\diablo 2 next generation\bin\x86\release\d2bs\.\js\libs\bots\clickhelper.js:27) anonymous function does not always return a value
Line: (null)
[10/15/15 11:53:18] D2BS 10124: D2BS Engine startup complete. 1.5.1854
[10/15/15 11:53:37] D2BS 10124: [Strict Warning] Code(157) File(c:\users\katuro\documents\visual studio 2013\projects\diablo 2 next generation\diablo 2 next generation\bin\x86\release\d2bs\.\js\libs\bots\clickhelper.js:27) anonymous function does not always return a value
Line: (null)
[10/15/15 11:55:20] D2BS 10124: EXCEPTION!
*** 0xc0000005 at 0x0556ae9e (Unknown in Unknown line 0)
D2BS loaded at: 0x054d0000
Registers:
	EIP: 0x0556ae9e, ESP: 0x0018f4bc
	CS: 0x0023, DS: 0x002b, ES: 0x002b, SS: 0x002b, FS: 0x0053, GS: 0x002b
	EAX: 0x0022005b, EBX: 0x00000001, ECX: 0x08dacdb8, EDX: 0x08dacdb8, ESI: 0x057a6629, EDI: 0x08dacd30, EBP: 0x0018f4e4, FLG: 0x00010212
Stack Trace:

End of stack trace.
D2Client.DLL loaded at: 0x6fab0000.
D2Common.DLL loaded at: 0x6fd50000.
D2Gfx.DLL loaded at: 0x6fa80000.
D2Lang.DLL loaded at: 0x00020000.
D2Win.DLL loaded at: 0x6f8e0000.
D2Net.DLL loaded at: 0x00640000.
D2Game.DLL loaded at: 0x02eb0000.
D2Launch.DLL loaded at: 0x6fa40000.
Fog.DLL loaded at: 0x6ff50000.
BNClient.DLL loaded at: 0x6ff20000.
Storm.DLL loaded at: 0x6fbf0000.
D2Cmp.DLL loaded at: 0x00420000.
D2Multi.DLL loaded at: 0x6f9d0000.
[10/15/15 11:55:20] D2BS 10124: D2BS Shutdown complete.
[10/15/15 11:55:36] D2BS 5084: D2BS Engine startup complete. 1.5.1854
[10/15/15 13:15:32] D2BS 2444: D2BS Engine startup complete. 1.5.1854
[10/15/15 13:18:46] D2BS 6220: D2BS Engine startup complete. 1.5.1854
[10/15/15 13:20:14] D2BS 5316: D2BS Engine startup complete. 1.5.1854
[10/15/15 14:16:42] D2BS 5316: D2BS Shutdown complete.
